[1/10] cl /c /Zc:__cplusplus /Zp8 /GR /W3 /EHs /nologo /MD /D_CRT_SECURE_NO_DEPRECATE /D_SCL_SECURE_NO_DEPRECATE /D_SECURE_SCL=0   /DMATLAB_MEX_FILE  /DMATLAB_MEX_FILE /O2 /Oy- /DNDEBUG /fp:strict /utf-8 /I "." /I "C:\Users\kaley\MATLAB\Projects\arm" /I ".\interface" /I "C:\Program Files\MATLAB\R2023b\extern\include" /I "." -DMODEL=conjTrans_mex -DMW_NEEDS_VERSION_H /wd4251  conjTrans_data.cpp /Fobuild\win64\conjTrans_data.obj
conjTrans_data.cpp
[2/10] cl /c /Zc:__cplusplus /Zp8 /GR /W3 /EHs /nologo /MD /D_CRT_SECURE_NO_DEPRECATE /D_SCL_SECURE_NO_DEPRECATE /D_SECURE_SCL=0   /DMATLAB_MEX_FILE  /DMATLAB_MEX_FILE /O2 /Oy- /DNDEBUG /fp:strict /utf-8 /I "." /I "C:\Users\kaley\MATLAB\Projects\arm" /I ".\interface" /I "C:\Program Files\MATLAB\R2023b\extern\include" /I "." -DMODEL=conjTrans_mex -DMW_NEEDS_VERSION_H /wd4251  conjTrans_terminate.cpp /Fobuild\win64\conjTrans_terminate.obj
conjTrans_terminate.cpp
[3/10] cl /c /Zc:__cplusplus /Zp8 /GR /W3 /EHs /nologo /MD /D_CRT_SECURE_NO_DEPRECATE /D_SCL_SECURE_NO_DEPRECATE /D_SECURE_SCL=0   /DMATLAB_MEX_FILE  /DMATLAB_MEX_FILE /O2 /Oy- /DNDEBUG /fp:strict /utf-8 /I "." /I "C:\Users\kaley\MATLAB\Projects\arm" /I ".\interface" /I "C:\Program Files\MATLAB\R2023b\extern\include" /I "." -DMODEL=conjTrans_mex -DMW_NEEDS_VERSION_H /wd4251  interface\_coder_conjTrans_info.cpp /Fobuild\win64\_coder_conjTrans_info.obj
_coder_conjTrans_info.cpp
[4/10] cl /c /Zc:__cplusplus /Zp8 /GR /W3 /EHs /nologo /MD /D_CRT_SECURE_NO_DEPRECATE /D_SCL_SECURE_NO_DEPRECATE /D_SECURE_SCL=0   /DMATLAB_MEX_FILE  /DMATLAB_MEX_FILE /O2 /Oy- /DNDEBUG /fp:strict /utf-8 /I "." /I "C:\Users\kaley\MATLAB\Projects\arm" /I ".\interface" /I "C:\Program Files\MATLAB\R2023b\extern\include" /I "." -DMODEL=conjTrans_mex -DMW_NEEDS_VERSION_H /wd4251  interface\_coder_conjTrans_api.cpp /Fobuild\win64\_coder_conjTrans_api.obj
_coder_conjTrans_api.cpp
[5/10] cl /c /Zc:__cplusplus /Zp8 /GR /W3 /EHs /nologo /MD /D_CRT_SECURE_NO_DEPRECATE /D_SCL_SECURE_NO_DEPRECATE /D_SECURE_SCL=0   /DMATLAB_MEX_FILE  /DMATLAB_MEX_FILE /O2 /Oy- /DNDEBUG /fp:strict /utf-8 /I "." /I "C:\Users\kaley\MATLAB\Projects\arm" /I ".\interface" /I "C:\Program Files\MATLAB\R2023b\extern\include" /I "." -DMODEL=conjTrans_mex -DMW_NEEDS_VERSION_H /wd4251  "C:\Program Files\MATLAB\R2023b\extern\version\cpp_mexapi_version.cpp" /Fobuild\win64\cpp_mexapi_version.obj
cpp_mexapi_version.cpp
[6/10] cl /c /Zc:__cplusplus /Zp8 /GR /W3 /EHs /nologo /MD /D_CRT_SECURE_NO_DEPRECATE /D_SCL_SECURE_NO_DEPRECATE /D_SECURE_SCL=0   /DMATLAB_MEX_FILE  /DMATLAB_MEX_FILE /O2 /Oy- /DNDEBUG /fp:strict /utf-8 /I "." /I "C:\Users\kaley\MATLAB\Projects\arm" /I ".\interface" /I "C:\Program Files\MATLAB\R2023b\extern\include" /I "." -DMODEL=conjTrans_mex -DMW_NEEDS_VERSION_H /wd4251  conjTrans.cpp /Fobuild\win64\conjTrans.obj
conjTrans.cpp
[7/10] cl /c /Zc:__cplusplus /Zp8 /GR /W3 /EHs /nologo /MD /D_CRT_SECURE_NO_DEPRECATE /D_SCL_SECURE_NO_DEPRECATE /D_SECURE_SCL=0   /DMATLAB_MEX_FILE  /DMATLAB_MEX_FILE /O2 /Oy- /DNDEBUG /fp:strict /utf-8 /I "." /I "C:\Users\kaley\MATLAB\Projects\arm" /I ".\interface" /I "C:\Program Files\MATLAB\R2023b\extern\include" /I "." -DMODEL=conjTrans_mex -DMW_NEEDS_VERSION_H /wd4251  conjTrans_initialize.cpp /Fobuild\win64\conjTrans_initialize.obj
conjTrans_initialize.cpp
[8/10] cl /c /Zc:__cplusplus /Zp8 /GR /W3 /EHs /nologo /MD /D_CRT_SECURE_NO_DEPRECATE /D_SCL_SECURE_NO_DEPRECATE /D_SECURE_SCL=0   /DMATLAB_MEX_FILE  /DMATLAB_MEX_FILE /O2 /Oy- /DNDEBUG /fp:strict /utf-8 /I "." /I "C:\Users\kaley\MATLAB\Projects\arm" /I ".\interface" /I "C:\Program Files\MATLAB\R2023b\extern\include" /I "." -DMODEL=conjTrans_mex -DMW_NEEDS_VERSION_H /wd4251  rt_nonfinite.cpp /Fobuild\win64\rt_nonfinite.obj
rt_nonfinite.cpp
[9/10] cl /c /Zc:__cplusplus /Zp8 /GR /W3 /EHs /nologo /MD /D_CRT_SECURE_NO_DEPRECATE /D_SCL_SECURE_NO_DEPRECATE /D_SECURE_SCL=0   /DMATLAB_MEX_FILE  /DMATLAB_MEX_FILE /O2 /Oy- /DNDEBUG /fp:strict /utf-8 /I "." /I "C:\Users\kaley\MATLAB\Projects\arm" /I ".\interface" /I "C:\Program Files\MATLAB\R2023b\extern\include" /I "." -DMODEL=conjTrans_mex -DMW_NEEDS_VERSION_H /wd4251  interface\_coder_conjTrans_mex.cpp /Fobuild\win64\_coder_conjTrans_mex.obj
_coder_conjTrans_mex.cpp
[10/10] link build\win64\conjTrans_data.obj build\win64\rt_nonfinite.obj build\win64\conjTrans_initialize.obj build\win64\conjTrans_terminate.obj build\win64\conjTrans.obj build\win64\_coder_conjTrans_api.obj build\win64\_coder_conjTrans_mex.obj build\win64\_coder_conjTrans_info.obj build\win64\cpp_mexapi_version.obj  /nologo /manifest   /DLL /LIBPATH:"C:\Program Files\MATLAB\R2023b\extern\lib\win64\microsoft" libmx.lib libmex.lib libmat.lib kernel32.lib user32.lib gdi32.lib winspool.lib comdlg32.lib advapi32.lib shell32.lib ole32.lib oleaut32.lib uuid.lib odbc32.lib odbccp32.lib libMatlabDataArray.lib libMatlabEngine.lib  /out:"conjTrans_mex.mexw64" libemlrt.lib libcovrt.lib libut.lib libmwmathutil.lib 
   Creating library conjTrans_mex.lib and object conjTrans_mex.exp
